Using pre-set license
Built from '2020.3/release' branch; Version is '2020.3.12f1 (b3b2c6512326) revision 11776710'; Using compiler version '192528614'; Build Type 'Release'
OS: 'Windows 10 Home; OS build 19041.1052; Version 2004; 64bit' Language: 'en' Physical Memory: 12151 MB
BatchMode: 1, IsHumanControllingUs: 0, StartBugReporterOnCrash: 0, Is64bit: 1, IsPro: 0

 COMMAND LINE ARGUMENTS:
C:\Program Files\Unity\Hub\Editor\2020.3.12f1\Editor\Unity.exe
-adb2
-batchMode
-noUpm
-name
AssetImportWorker0
-projectPath
C:/Users/needs/Desktop/Riverstone/College/Spring '21/Video Game Programming/Final Project/VGP-Final
-logFile
Logs/AssetImportWorker0.log
-srvPort
50725
Successfully changed project path to: C:/Users/needs/Desktop/Riverstone/College/Spring '21/Video Game Programming/Final Project/VGP-Final
C:/Users/needs/Desktop/Riverstone/College/Spring '21/Video Game Programming/Final Project/VGP-Final
Using Asset Import Pipeline V2.
Refreshing native plugins compatible for Editor in 76.01 ms, found 3 plugins.
Preloading 0 native plugins for Editor in 0.00 ms.
Initialize engine version: 2020.3.12f1 (b3b2c6512326)
[Subsystems] Discovering subsystems at path C:/Program Files/Unity/Hub/Editor/2020.3.12f1/Editor/Data/Resources/UnitySubsystems
[Subsystems] Discovering subsystems at path C:/Users/needs/Desktop/Riverstone/College/Spring '21/Video Game Programming/Final Project/VGP-Final/Assets
GfxDevice: creating device client; threaded=0
Direct3D:
    Version:  Direct3D 11.0 [level 11.1]
    Renderer: NVIDIA GeForce GTX 970M (ID=0x13d8)
    Vendor:   
    VRAM:     3032 MB
    Driver:   27.21.14.6677
Initialize mono
Mono path[0] = 'C:/Program Files/Unity/Hub/Editor/2020.3.12f1/Editor/Data/Managed'
Mono path[1] = 'C:/Program Files/Unity/Hub/Editor/2020.3.12f1/Editor/Data/MonoBleedingEdge/lib/mono/unityjit'
Mono config path = 'C:/Program Files/Unity/Hub/Editor/2020.3.12f1/Editor/Data/MonoBleedingEdge/etc'
Using monoOptions --debugger-agent=transport=dt_socket,embedding=1,server=y,suspend=n,address=127.0.0.1:56132
Begin MonoManager ReloadAssembly
Registering precompiled unity dll's ...
Register platform support module: C:/Program Files/Unity/Hub/Editor/2020.3.12f1/Editor/Data/PlaybackEngines/WindowsStandaloneSupport/UnityEditor.WindowsStandalone.Extensions.dll
Registered in 0.002508 seconds.
Native extension for WindowsStandalone target not found
Refreshing native plugins compatible for Editor in 49.22 ms, found 3 plugins.
Preloading 0 native plugins for Editor in 0.00 ms.
Mono: successfully reloaded assembly
- Completed reload, in  1.499 seconds
Platform modules already initialized, skipping
Registering precompiled user dll's ...
Registered in 0.006390 seconds.
Begin MonoManager ReloadAssembly
Native extension for WindowsStandalone target not found
Refreshing native plugins compatible for Editor in 55.28 ms, found 3 plugins.
Preloading 0 native plugins for Editor in 0.00 ms.
Mono: successfully reloaded assembly
- Completed reload, in  1.384 seconds
Platform modules already initialized, skipping
========================================================================
Worker process is ready to serve import requests
Launched and connected shader compiler UnityShaderCompiler.exe after 0.06 seconds
Refreshing native plugins compatible for Editor in 0.82 ms, found 3 plugins.
Preloading 0 native plugins for Editor in 0.00 ms.
Unloading 2082 Unused Serialized files (Serialized files now loaded: 0)
System memory in use before: 93.7 MB.
System memory in use after: 93.8 MB.

Unloading 28 unused Assets to reduce memory usage. Loaded Objects now: 2520.
Total: 3.184000 ms (FindLiveObjects: 0.261500 ms CreateObjectMapping: 0.094000 ms MarkObjects: 2.687000 ms  DeleteObjects: 0.140000 ms)

AssetImportParameters requested are different than current active one (requested -> active):
  custom:framework-win-MediaFoundation: 216162199b28c13a410421893ffa2e32 -> 
  custom:video-decoder-ogg-theora: a1e56fd34408186e4bbccfd4996cb3dc -> 
  custom:container-muxer-webm: aa71ff27fc2769a1b78a27578f13a17b -> 
  custom:container-demuxer-webm: 4f35f7cbe854078d1ac9338744f61a02 -> 
  custom:container-demuxer-ogg: 62fdf1f143b41e24485cea50d1cbac27 -> 
  custom:video-encoder-webm-vp8: eb34c28f22e8b96e1ab97ce403110664 -> 
  custom:video-codec-MediaFoundation-h265: 746d11721c4dcdbdad8f713fa42b33f4 -> 
  custom:video-decoder-webm-vp8: 9c59270c3fd7afecdb556c50c9e8de78 -> 
  custom:audio-decoder-ogg-vorbis: bf7c407c2cedff20999df2af8eb42d56 -> 
  custom:audio-encoder-webm-vorbis: bf7c407c2cedff20999df2af8eb42d56 -> 
========================================================================
Received Import Request.
  path: Assets/Particle System.prefab
  artifactKey: Guid(13c4f139e6142e14a9daea7e04ae9c90) Importer(815301076,1909f56bfc062723c751e8b465ee728b)
Start importing Assets/Particle System.prefab using Guid(13c4f139e6142e14a9daea7e04ae9c90) Importer(815301076,1909f56bfc062723c751e8b465ee728b)  -> (artifact id: '058739cdc7365ee7dba90b063ed701ab') in 0.068598 seconds 
  Import took 0.073554 seconds .

========================================================================
Received Import Request.
  Time since last request: 0.000324 seconds.
  path: Assets/Meditation.mat
  artifactKey: Guid(6d431a35ec4527148804f300ec6d1046) Importer(815301076,1909f56bfc062723c751e8b465ee728b)
Start importing Assets/Meditation.mat using Guid(6d431a35ec4527148804f300ec6d1046) Importer(815301076,1909f56bfc062723c751e8b465ee728b)  -> (artifact id: '6441a70eafc62595fc7942075e20d892') in 0.102166 seconds 
  Import took 0.106390 seconds .

========================================================================
Received Import Request.
  Time since last request: 128.422364 seconds.
  path: Assets/what.unity
  artifactKey: Guid(1238bfae3cdd4b64e93e7132031cd1a2) Importer(815301076,1909f56bfc062723c751e8b465ee728b)
Start importing Assets/what.unity using Guid(1238bfae3cdd4b64e93e7132031cd1a2) Importer(815301076,1909f56bfc062723c751e8b465ee728b)  -> (artifact id: '857022b9a06e866a88bc00452b712af9') in 0.011636 seconds 
  Import took 0.017454 seconds .

========================================================================
Received Import Request.
  Time since last request: 27.564220 seconds.
  path: Assets/Main Scene.unity
  artifactKey: Guid(1238bfae3cdd4b64e93e7132031cd1a2) Importer(815301076,1909f56bfc062723c751e8b465ee728b)
Start importing Assets/Main Scene.unity using Guid(1238bfae3cdd4b64e93e7132031cd1a2) Importer(815301076,1909f56bfc062723c751e8b465ee728b)  -> (artifact id: 'a76da2d269f33231b68c80626c98757a') in 0.013255 seconds 
  Import took 0.019039 seconds .

========================================================================
Received Import Request.
  Time since last request: 0.001933 seconds.
  path: Assets/Main Scene.unity
  artifactKey: Guid(1238bfae3cdd4b64e93e7132031cd1a2) Importer(815301076,1909f56bfc062723c751e8b465ee728b)
Start importing Assets/Main Scene.unity using Guid(1238bfae3cdd4b64e93e7132031cd1a2) Importer(815301076,1909f56bfc062723c751e8b465ee728b)  -> (artifact id: 'a76da2d269f33231b68c80626c98757a') in 0.004954 seconds 
  Import took 0.011505 seconds .

AssetImportWorkerClient::OnTransportError - code=2 error=End of file
